Added Component: Designator=C5(tu hoa 8mm)
Added Component: Designator=C6(tu gom)
Added Component: Designator=KF3(Con 2 KF301 5.08)
Added Component: Designator=L2(LED-5MM-RED)
Added Component: Designator=Q1(TO254P1054X470X1955-3)
Added Component: Designator=R2(tro vach 1/2w)
Added Pin To Net: NetName=GND Pin=C5-2
Added Pin To Net: NetName=GND Pin=C6-2
Added Pin To Net: NetName=GND Pin=KF3-1
Added Pin To Net: NetName=GND Pin=L2-2
Added Pin To Net: NetName=NetC3_1 Pin=Q1-1
Added Pin To Net: NetName=GND Pin=Q1-2
Added Pin To Net: NetName=NetC5_1 Pin=C5-1
Added Pin To Net: NetName=NetC5_1 Pin=C6-1
Added Pin To Net: NetName=NetC5_1 Pin=KF3-2
Added Pin To Net: NetName=NetC5_1 Pin=Q1-3
Added Pin To Net: NetName=NetC5_1 Pin=R2-2
Added Net: Name=NetC5_1
Added Pin To Net: NetName=NetL2_1 Pin=L2-1
Added Pin To Net: NetName=NetL2_1 Pin=R2-1
Added Net: Name=NetL2_1
Added Member To Class: ClassName=Mach_nguon Member=Component C5 470uF
Added Member To Class: ClassName=Mach_nguon Member=Component C6 0.1uF
Added Member To Class: ClassName=Mach_nguon Member=Component KF3 CON 2 KF301
Added Member To Class: ClassName=Mach_nguon Member=Component L2 LED 5mm
Added Member To Class: ClassName=Mach_nguon Member=Component Q1 LM7805CT/NOPB
Added Member To Class: ClassName=Mach_nguon Member=Component R2 1k
Added Room: Name=Mach_nguon
