Added Component: Designator=C1(tu hoa 8mm)
Added Component: Designator=C2(tu gom)
Added Component: Designator=C3(tu hoa 8mm)
Added Component: Designator=C4(tu gom)
Added Component: Designator=D1(SIP380W81P386L1470H1270Q4)
Added Component: Designator=KF1(Con 2 KF301 5.08)
Added Component: Designator=KF2(Con 2 KF301 5.08)
Added Component: Designator=L1(LED-5MM-RED)
Added Component: Designator=R1(tro vach 1/2w)
Added Component: Designator=VR1(TO254P1054X470X1955-3)
Added Pin To Net: NetName=GND Pin=C1-2
Added Pin To Net: NetName=GND Pin=C2-2
Added Pin To Net: NetName=GND Pin=C3-2
Added Pin To Net: NetName=GND Pin=C4-2
Added Pin To Net: NetName=GND Pin=D1-4
Added Pin To Net: NetName=GND Pin=KF1-1
Added Pin To Net: NetName=GND Pin=L1-2
Added Pin To Net: NetName=GND Pin=VR1-2
Added Net: Name=GND
Added Pin To Net: NetName=NetC1_1 Pin=C1-1
Added Pin To Net: NetName=NetC1_1 Pin=C2-1
Added Pin To Net: NetName=NetC1_1 Pin=KF1-2
Added Pin To Net: NetName=NetC1_1 Pin=R1-2
Added Pin To Net: NetName=NetC1_1 Pin=VR1-3
Added Net: Name=NetC1_1
Added Pin To Net: NetName=NetC3_1 Pin=C3-1
Added Pin To Net: NetName=NetC3_1 Pin=C4-1
Added Pin To Net: NetName=NetC3_1 Pin=D1-1
Added Pin To Net: NetName=NetC3_1 Pin=VR1-1
Added Net: Name=NetC3_1
Added Pin To Net: NetName=NetD1_2 Pin=D1-2
Added Pin To Net: NetName=NetD1_2 Pin=KF2-2
Added Net: Name=NetD1_2
Added Pin To Net: NetName=NetD1_3 Pin=D1-3
Added Pin To Net: NetName=NetD1_3 Pin=KF2-1
Added Net: Name=NetD1_3
Added Pin To Net: NetName=NetL1_1 Pin=L1-1
Added Pin To Net: NetName=NetL1_1 Pin=R1-1
Added Net: Name=NetL1_1
Added Class: Name=Mach_nguon
Added Room: Name=Mach_nguon
