Removed Pin From Net: NetName=ENA Pin=J1-1
Removed Pin From Net: NetName=IN1 Pin=J1-2
Removed Pin From Net: NetName=IN2 Pin=J1-3
Removed Pin From Net: NetName=12V Pin=J1-4
Removed Pin From Net: NetName=GND Pin=J1-5
Removed Pin From Net: NetName=5V Pin=J1-6
Removed Member From Class: ClassName=NodeSpeed Member=J1
Added Component: Designator=H1(Header 2P DC 2.54)
Added Component: Designator=U2(MODULE_ROB-14450)
Added Pin To Net: NetName=12V Pin=U2-1
Added Pin To Net: NetName=5V Pin=U2-2
Added Pin To Net: NetName=GND Pin=U2-3
Added Pin To Net: NetName=IN1 Pin=U2-14
Added Pin To Net: NetName=IN2 Pin=U2-15
Added Pin To Net: NetName=ENA Pin=U2-16
Added Pin To Net: NetName=MOTOR1 Pin=H1-2
Added Pin To Net: NetName=MOTOR1 Pin=U2-4
Added Net: Name=MOTOR1
Added Pin To Net: NetName=MOTOR2 Pin=H1-1
Added Pin To Net: NetName=MOTOR2 Pin=U2-5
Added Net: Name=MOTOR2
Added Pin To Net: NetName=STBY Pin=U1-9
Added Pin To Net: NetName=STBY Pin=U2-13
Added Net: Name=STBY
Added Member To Class: ClassName=NodeSpeed Member=Component H1 motor
Added Member To Class: ClassName=NodeSpeed Member=Component U2 ROB-14450
Added Room: Name=NodeSpeed
