Added Component: Designator=H1(Header 2P DC 2.54)
Added Component: Designator=U2(MODULE_ROB-14450)
Added Pin To Net: NetName=MOTOR2 Pin=H1-1
Added Pin To Net: NetName=MOTOR1 Pin=H1-2
Added Pin To Net: NetName=12V Pin=U2-1
Added Pin To Net: NetName=5V Pin=U2-2
Added Pin To Net: NetName=GND Pin=U2-3
Added Pin To Net: NetName=MOTOR1 Pin=U2-4
Added Pin To Net: NetName=MOTOR2 Pin=U2-5
Added Pin To Net: NetName=STBY Pin=U2-13
Added Pin To Net: NetName=IN1 Pin=U2-14
Added Pin To Net: NetName=IN2 Pin=U2-15
Added Pin To Net: NetName=ENA Pin=U2-16
Added Member To Class: ClassName=NodeSpeed Member=Component CAN1 
Added Member To Class: ClassName=NodeSpeed Member=Component encoder1 
Added Member To Class: ClassName=NodeSpeed Member=Component H1 motor
Added Member To Class: ClassName=NodeSpeed Member=Component L1 LED 5mm
Added Member To Class: ClassName=NodeSpeed Member=Component L2 LED 5mm
Added Member To Class: ClassName=NodeSpeed Member=Component L3 LED 5mm
Added Member To Class: ClassName=NodeSpeed Member=Component M1 MCP2515
Added Member To Class: ClassName=NodeSpeed Member=Component Power 1 
Added Member To Class: ClassName=NodeSpeed Member=Component Power1 
Added Member To Class: ClassName=NodeSpeed Member=Component R1 1k
Added Member To Class: ClassName=NodeSpeed Member=Component R2 1k
Added Member To Class: ClassName=NodeSpeed Member=Component R3 1k
Added Member To Class: ClassName=NodeSpeed Member=Component U1 STM32F103C8T6
Added Member To Class: ClassName=NodeSpeed Member=Component U2 ROB-14450
Added Room: Name=NodeSpeed
