Added Component: Designator=*1(MCP2515_MODULE)
Added Component: Designator=J1(JST_B2B-XH-A_(LF)(SN))
Added Component: Designator=J2(JST_B2B-XH-A_(LF)(SN))
Added Component: Designator=J3(JST_B3B-XH-A(LF)(SN))
Added Component: Designator=L1(LED-1206-Green)
Added Component: Designator=L2(LED-1206-Green)
Added Component: Designator=R1(tro smd 1206)
Added Component: Designator=R2(tro smd 1206)
Added Component: Designator=U1(Stm32 BluePill)
Added Pin To Net: NetName=3V3 Pin=J3-3
Added Pin To Net: NetName=3V3 Pin=U1-20
Added Net: Name=3V3
Added Pin To Net: NetName=5V Pin=J1-2
Added Pin To Net: NetName=5V Pin=U1-18
Added Net: Name=5V
Added Pin To Net: NetName=CS_CAN Pin=U1-29
Added Net: Name=CS_CAN
Added Pin To Net: NetName=ENCODER Pin=J3-1
Added Pin To Net: NetName=ENCODER Pin=U1-25
Added Net: Name=ENCODER
Added Pin To Net: NetName=GND Pin=J1-1
Added Pin To Net: NetName=GND Pin=J3-2
Added Pin To Net: NetName=GND Pin=L1-2
Added Pin To Net: NetName=GND Pin=L2-2
Added Pin To Net: NetName=GND Pin=U1-19
Added Net: Name=GND
Added Pin To Net: NetName=LED_CAN Pin=R1-1
Added Pin To Net: NetName=LED_CAN Pin=U1-6
Added Net: Name=LED_CAN
Added Pin To Net: NetName=LED_ENCODER Pin=R2-1
Added Pin To Net: NetName=LED_ENCODER Pin=U1-1
Added Net: Name=LED_ENCODER
Added Pin To Net: NetName=MISO Pin=U1-31
Added Net: Name=MISO
Added Pin To Net: NetName=MOSI Pin=U1-32
Added Net: Name=MOSI
Added Pin To Net: NetName=NetL1_1 Pin=L1-1
Added Pin To Net: NetName=NetL1_1 Pin=R1-2
Added Net: Name=NetL1_1
Added Pin To Net: NetName=NetL2_1 Pin=L2-1
Added Pin To Net: NetName=NetL2_1 Pin=R2-2
Added Net: Name=NetL2_1
Added Pin To Net: NetName=SCK Pin=U1-30
Added Net: Name=SCK
Added Class: Name=NodeSpeed
Added Room: Name=NodeSpeed
