Removed Pin From Net: NetName=L Pin=CAN1-1
Removed Pin From Net: NetName=H Pin=CAN1-2
Removed Pin From Net: NetName=MOTOR2 Pin=H1-1
Removed Pin From Net: NetName=MOTOR1 Pin=H1-2
Removed Pin From Net: NetName=GND Pin=Power1-1
Removed Pin From Net: NetName=5V Pin=Power1-2
Removed Member From Class: ClassName=NodeSpeed Member=CAN1
Removed Member From Class: ClassName=NodeSpeed Member=Power1
Change Component Comment : Designator=H1 Old Comment=motor New Comment=Header 2P 2.54 Duc Cong
Added Component: Designator=H2(Header 2P DC 2.54)
Added Component: Designator=H3(Header 2P DC 2.54)
Added Pin To Net: NetName=GND Pin=H1-1
Added Pin To Net: NetName=5V Pin=H1-2
Added Pin To Net: NetName=L Pin=H2-1
Added Pin To Net: NetName=H Pin=H2-2
Added Pin To Net: NetName=MOTOR2 Pin=H1-1
Added Pin To Net: NetName=MOTOR1 Pin=H1-2
Added Member To Class: ClassName=NodeSpeed Member=Component H2 CAN
Added Member To Class: ClassName=NodeSpeed Member=Component H3 motor
Added Room: Name=NodeSpeed
