Removed Pin From Net: NetName=L Pin=CAN1-1
Removed Pin From Net: NetName=H Pin=CAN1-2
Removed Pin From Net: NetName=ENCODER Pin=encoder1-1
Removed Pin From Net: NetName=GND Pin=encoder1-2
Removed Pin From Net: NetName=3V3 Pin=encoder1-3
Removed Pin From Net: NetName=GND Pin=Power 1-1
Removed Pin From Net: NetName=GND Pin=Power1-1
Removed Pin From Net: NetName=5V Pin=Power1-2
Removed Pin From Net: NetName=12V Pin=Power 1-2
Added Component: Designator=5V(Header 2P DC 2.54)
Added Component: Designator=12V(JST_B2B-XH-A_(LF)(SN))
Added Component: Designator=CAN(Header 2P DC 2.54)
Added Component: Designator=Encoder(JST_B3B-XH-A(LF)(SN))
Added Component: Designator=L4(LED-5MM-Green)
Added Component: Designator=motor(Header 2P DC 2.54)
Added Component: Designator=R4(tro vach 1/4w)
Added Component: Designator=U2(MODULE_ROB-14450)
Added Pin To Net: NetName=GND Pin=5V-1
Added Pin To Net: NetName=5V Pin=5V-2
Added Pin To Net: NetName=GND Pin=12V-1
Added Pin To Net: NetName=12V Pin=12V-2
Added Pin To Net: NetName=L Pin=CAN-1
Added Pin To Net: NetName=H Pin=CAN-2
Added Pin To Net: NetName=ENCODER Pin=Encoder-1
Added Pin To Net: NetName=GND Pin=Encoder-2
Added Pin To Net: NetName=3V3 Pin=Encoder-3
Added Pin To Net: NetName=GND Pin=L4-2
Added Pin To Net: NetName=MOTOR1 Pin=motor-1
Added Pin To Net: NetName=MOTOR2 Pin=motor-2
Added Pin To Net: NetName=5V Pin=R4-1
Added Pin To Net: NetName=12V Pin=U2-1
Added Pin To Net: NetName=5V Pin=U2-2
Added Pin To Net: NetName=GND Pin=U2-3
Added Pin To Net: NetName=MOTOR1 Pin=U2-4
Added Pin To Net: NetName=MOTOR2 Pin=U2-5
Added Pin To Net: NetName=STBY Pin=U2-13
Added Pin To Net: NetName=IN1 Pin=U2-14
Added Pin To Net: NetName=IN2 Pin=U2-15
Added Pin To Net: NetName=ENA Pin=U2-16
Added Pin To Net: NetName=NetL4_1 Pin=L4-1
Added Pin To Net: NetName=NetL4_1 Pin=R4-2
Added Net: Name=NetL4_1
Added Member To Class: ClassName=NodeSpeed Member=Component 5V Header 2P 2.54 Duc Cong
Added Member To Class: ClassName=NodeSpeed Member=Component 12V 
Added Member To Class: ClassName=NodeSpeed Member=Component CAN 
Added Member To Class: ClassName=NodeSpeed Member=Component Encoder B3B-XH-A(LF)(SN)
Added Member To Class: ClassName=NodeSpeed Member=Component L1 LED 5mm
Added Member To Class: ClassName=NodeSpeed Member=Component L2 LED 5mm
Added Member To Class: ClassName=NodeSpeed Member=Component L3 LED 5mm
Added Member To Class: ClassName=NodeSpeed Member=Component L4 LED 5mm
Added Member To Class: ClassName=NodeSpeed Member=Component M1 MCP2515
Added Member To Class: ClassName=NodeSpeed Member=Component motor 
Added Member To Class: ClassName=NodeSpeed Member=Component R1 1k
Added Member To Class: ClassName=NodeSpeed Member=Component R2 1k
Added Member To Class: ClassName=NodeSpeed Member=Component R3 1k
Added Member To Class: ClassName=NodeSpeed Member=Component R4 1k
Added Member To Class: ClassName=NodeSpeed Member=Component U1 STM32F103C8T6
Added Member To Class: ClassName=NodeSpeed Member=Component U2 ROB-14450
Added Room: Name=NodeSpeed
