Removed Pin From Net: NetName=5V Pin=H2-2
Change Component Designator: OldDesignator=R1 NewDesignator=R2
Change Component Designator: OldDesignator=R4 NewDesignator=R5
Change Component Designator: OldDesignator=R5 NewDesignator=R6
Change Component Designator: OldDesignator=R6 NewDesignator=R7
Change Component Designator: OldDesignator=R7 NewDesignator=R8
Change Component Designator: OldDesignator=R8 NewDesignator=R9
Change Component Designator: OldDesignator=R9 NewDesignator=R10
Change Component Designator: OldDesignator=R10 NewDesignator=R11
Change Component Designator: OldDesignator=R11 NewDesignator=R12
Change Component Designator: OldDesignator=R12 NewDesignator=R13
Change Component Designator: OldDesignator=R13 NewDesignator=R14
Added Component: Designator=R1(tro vach 1/4w)
Added Component: Designator=R3(tro vach 1/4w)
Added Component: Designator=R4(tro vach 1/4w)
Added Pin To Net: NetName=5V Pin=R1-2
Added Pin To Net: NetName=TX Pin=R3-1
Added Pin To Net: NetName=TX Pin=R3-2
Added Pin To Net: NetName=RX Pin=R4-1
Added Pin To Net: NetName=RX Pin=R4-2
Change Net Name : Old Net Name=NetR7_2 New Net Name=NetR8_2
Change Net Name : Old Net Name=NetR9_2 New Net Name=NetR10_2
Added Pin To Net: NetName=NetH2_2 Pin=H2-2
Added Pin To Net: NetName=NetH2_2 Pin=R1-1
Added Net: Name=NetH2_2
Added Member To Class: ClassName=NodeReceive Member=Component R2 1k
Added Member To Class: ClassName=NodeReceive Member=Component R3 0R
Added Member To Class: ClassName=NodeReceive Member=Component R14 220
Added Room: Name=NodeReceive
