Added Component: Designator=C1(tu gom)
Added Component: Designator=COS(Header 2P DC 2.54)
Added Component: Designator=H7(Header 4P DC 2.54)
Added Component: Designator=J1(KF3-5.08)
Added Component: Designator=L7(LED-5MM-Green)
Added Component: Designator=PHA(Header 2P DC 2.54)
Added Component: Designator=R8(tro vach 1/4w)
Added Component: Designator=R10(tro vach 1/4w)
Added Component: Designator=R11(tro vach 1/4w)
Added Component: Designator=R12(tro vach 1/4w)
Added Component: Designator=R13(tro vach 1/4w)
Added Component: Designator=R14(tro vach 1/4w)
Added Component: Designator=R15(tro vach 1/4w)
Added Component: Designator=XNP(Header 2P DC 2.54)
Added Component: Designator=XNT(Header 2P DC 2.54)
Added Pin To Net: NetName=5V Pin=C1-1
Added Pin To Net: NetName=GND Pin=C1-2
Added Pin To Net: NetName=GND Pin=COS-1
Added Pin To Net: NetName=NetPHA_1 Pin=COS-2
Added Pin To Net: NetName=GND Pin=H7-1
Added Pin To Net: NetName=ECHO Pin=H7-2
Added Pin To Net: NetName=TRIG Pin=H7-3
Added Pin To Net: NetName=5V Pin=H7-4
Added Pin To Net: NetName=5V Pin=J1-1
Added Pin To Net: NetName=GND Pin=J1-2
Added Pin To Net: NetName=DATA Pin=J1-3
Added Pin To Net: NetName=NetL7_1 Pin=L7-1
Added Pin To Net: NetName=GND Pin=L7-2
Added Pin To Net: NetName=GND Pin=PHA-1
Added Pin To Net: NetName=NetH7_2 Pin=PHA-2
Added Pin To Net: NetName=XNT Pin=R8-1
Added Pin To Net: NetName=NetCOS_1 Pin=R8-2
Added Pin To Net: NetName=XNP Pin=R10-1
Added Pin To Net: NetName=NetR10_2 Pin=R10-2
Added Pin To Net: NetName=DATA Pin=R11-1
Added Pin To Net: NetName=GND Pin=R11-2
Added Pin To Net: NetName=ECHO Pin=R12-1
Added Pin To Net: NetName=ECHO Pin=R12-2
Added Pin To Net: NetName=COS Pin=R13-1
Added Pin To Net: NetName=NetPHA_1 Pin=R13-2
Added Pin To Net: NetName=LED18B20 Pin=R14-1
Added Pin To Net: NetName=NetL7_1 Pin=R14-2
Added Pin To Net: NetName=PHA Pin=R15-1
Added Pin To Net: NetName=NetH7_2 Pin=R15-2
Added Pin To Net: NetName=GND Pin=XNP-1
Added Pin To Net: NetName=NetR10_2 Pin=XNP-2
Added Pin To Net: NetName=GND Pin=XNT-1
Added Pin To Net: NetName=NetCOS_1 Pin=XNT-2
Change Net Name : Old Net Name=NetCOS_1 New Net Name=NetR8_2
Change Net Name : Old Net Name=NetH7_2 New Net Name=NetPHA_2
Change Net Name : Old Net Name=NetPHA_1 New Net Name=NetCOS_2
Added Member To Class: ClassName=NodeReceive Member=Component C1 104
Added Member To Class: ClassName=NodeReceive Member=Component COS Header 2P 2.54 Duc Cong
Added Member To Class: ClassName=NodeReceive Member=Component H7 Header 4P 2.54 Duc Cong
Added Member To Class: ClassName=NodeReceive Member=Component J1 KF3
Added Member To Class: ClassName=NodeReceive Member=Component L7 LED 5mm
Added Member To Class: ClassName=NodeReceive Member=Component PHA Header 2P 2.54 Duc Cong
Added Member To Class: ClassName=NodeReceive Member=Component R8 220
Added Member To Class: ClassName=NodeReceive Member=Component R10 220
Added Member To Class: ClassName=NodeReceive Member=Component R11 4.7k
Added Member To Class: ClassName=NodeReceive Member=Component R12 1k
Added Member To Class: ClassName=NodeReceive Member=Component R13 220
Added Member To Class: ClassName=NodeReceive Member=Component R14 220R
Added Member To Class: ClassName=NodeReceive Member=Component R15 220
Added Member To Class: ClassName=NodeReceive Member=Component XNP Header 2P 2.54 Duc Cong
Added Member To Class: ClassName=NodeReceive Member=Component XNT Header 2P 2.54 Duc Cong
Added Room: Name=NodeReceive
