Removed Pin From Net: NetName=SCK Pin=M1-2
Removed Pin From Net: NetName=MOSI Pin=M1-3
Removed Pin From Net: NetName=MISO Pin=M1-4
Removed Pin From Net: NetName=CS Pin=M1-5
Removed Pin From Net: NetName=GND Pin=M1-6
Removed Pin From Net: NetName=5V Pin=M1-7
Removed Pin From Net: NetName=H Pin=M1-8
Removed Pin From Net: NetName=L Pin=M1-9
Removed Member From Class: ClassName=NodeReceive Member=M1
Added Component: Designator=M?(MCP2515_MODULE)
Added Pin To Net: NetName=SCK Pin=M?-2
Added Pin To Net: NetName=MOSI Pin=M?-3
Added Pin To Net: NetName=MISO Pin=M?-4
Added Pin To Net: NetName=CS Pin=M?-5
Added Pin To Net: NetName=GND Pin=M?-6
Added Pin To Net: NetName=5V Pin=M?-7
Added Pin To Net: NetName=L Pin=M?-8
Added Pin To Net: NetName=H Pin=M?-9
Added Member To Class: ClassName=NodeReceive Member=Component M? MCP2515
Added Room: Name=NodeReceive
