Removed Pin From Net: NetName=GND Pin=H5-1
Removed Pin From Net: NetName=5V Pin=H5-2
Change Component Designator: OldDesignator=H6 NewDesignator=H5
Change Component Designator: OldDesignator=H7 NewDesignator=H6
Change Component Designator: OldDesignator=H8 NewDesignator=H7
Change Component Designator: OldDesignator=H9 NewDesignator=H8
Change Component Designator: OldDesignator=Vin12 NewDesignator=Vin1
Added Component: Designator=D?(DIODE CAU 2A 3A CAM)
Added Component: Designator=DB?(DIODE CAU 2A 3A CAM)
Added Component: Designator=H9(Header 2P DC 2.54)
Added Component: Designator=Vin2(Header 2P DC 2.54)
Added Pin To Net: NetName=GND Pin=H9-1
Added Pin To Net: NetName=5V Pin=H9-2
Added Pin To Net: NetName=GND Pin=LM1-2
Added Pin To Net: NetName=GND Pin=Vin1-1
Added Pin To Net: NetName=GND Pin=Vin2-1
Added Pin To Net: NetName=12V Pin=LM1-1
Added Pin To Net: NetName=12V Pin=Vin1-2
Added Pin To Net: NetName=12V Pin=Vin2-2
Added Net: Name=12V
Added Class: Name=Sheet1
Added Member To Class: ClassName=NodeReceive Member=Component Vin2 Header 2P 2.54 Duc Cong
Added Room: Name=NodeReceive
Added Room: Name=Sheet1
