Removed Pin From Net: NetName=COS Pin=R11-1
Removed Pin From Net: NetName=NetCOS_1 Pin=R11-2
Change Component DesignItemId : Designator=R11 Old DesignItemId=Tro Vach 1/4W 5% 1k New DesignItemId=Tro Vach 1/4W 5% 4.7k
Change Component Comment : Designator=R11 Old Comment=1k New Comment=4.7k
Change Component Designator: OldDesignator=L7 NewDesignator=L6
Change Component Designator: OldDesignator=R12 NewDesignator=R13
Added Component: Designator=C1(tu gom)
Added Component: Designator=J1(KF3-5.08)
Added Component: Designator=R12(tro vach 1/4w)
Added Pin To Net: NetName=5V Pin=C1-1
Added Pin To Net: NetName=GND Pin=C1-2
Added Pin To Net: NetName=5V Pin=J1-1
Added Pin To Net: NetName=GND Pin=J1-2
Added Pin To Net: NetName=GND Pin=R11-2
Added Pin To Net: NetName=COS Pin=R11-1
Added Pin To Net: NetName=NetCOS_1 Pin=R11-2
Change Net Name : Old Net Name=NetL7_1 New Net Name=NetL6_1
Added Pin To Net: NetName=DATA Pin=J1-3
Added Pin To Net: NetName=DATA Pin=R11-1
Added Net: Name=DATA
Added Member To Class: ClassName=NodeReceive Member=Component C1 104
Added Member To Class: ClassName=NodeReceive Member=Component J1 KF3
Added Member To Class: ClassName=NodeReceive Member=Component R13 1k
Added Room: Name=NodeReceive
